<?xml version="1.0" encoding="UTF-8"?>
<!-- Generated by org.testng.reporters.JUnitReportReporter -->
<testsuite hostname="CIPL1300QA" failures="0" tests="1" name="flipkartTask.TestCase_001" time="19.984" errors="0" timestamp="2023-03-10T12:20:19 IST" skipped="0">
  <testcase classname="flipkartTask.TestCase_001" name="menuAndSubmenuPriniting" time="19.984"/>
  <system-out/>
</testsuite> <!-- flipkartTask.TestCase_001 -->
