<?xml version="1.0" encoding="UTF-8"?>
<!-- Generated by org.testng.reporters.JUnitReportReporter -->
<testsuite hostname="CIPL1300QA" failures="0" tests="1" name="Flipkart.Task_1.TestCase_001" time="17.845" errors="0" timestamp="2023-03-10T11:05:30 IST" skipped="0">
  <testcase classname="Flipkart.Task_1.TestCase_001" name="menuAndSubmenuPriniting" time="17.845"/>
  <system-out/>
</testsuite> <!-- Flipkart.Task_1.TestCase_001 -->
